<?xml version="1.0" encoding="utf-8"?><testsuites><testsuite errors="1" failures="0" hostname="As-MacBook-Pro" name="pytest" skipped="0" tests="1" time="4.147" timestamp="2020-10-21T14:14:22.594989"><testcase classname="" file="flask-app-bootstrap-final/nmf_recommender.py" name="flask-app-bootstrap-final.nmf_recommender" time="0.000"><error message="collection failure">../../anaconda3/lib/python3.7/site-packages/py/_path/local.py:721: in pyimport
    raise self.ImportMismatchError(modname, modfile, self)
E   py._path.local.LocalPath.ImportMismatchError: (&apos;nmf_recommender&apos;, &apos;/Users/lara/repos/movie_recommender/nmf_recommender.py&apos;, local(&apos;/Users/lara/repos/movie_recommender/flask-app-bootstrap-final/nmf_recommender.py&apos;))</error></testcase></testsuite></testsuites>